<?xml version="1.0" encoding="UTF-8"?>
<!-- Generated by org.testng.reporters.JUnitXMLReporter -->
<testsuite hostname="DESKTOP-73RQ7NR" ignored="0" name="Test" tests="2" failures="0" timestamp="28 Sep 2020 14:27:20 GMT" time="0.04" errors="0">
  <testcase name="BookpillowSucessCase" time="0.0" classname="Bookpillow.BookpillowSuccess">
    <skipped/>
  </testcase> <!-- BookpillowSucessCase -->
  <testcase name="BookpillowFailCase" time="0.0" classname="Bookpillow.BookpillowFail">
    <skipped/>
  </testcase> <!-- BookpillowFailCase -->
</testsuite> <!-- Test -->
